mode: set
main.go/internal/core/service/asignarEnvio/asignarEnvio.go:14.220,21.2 1 1
main.go/internal/core/service/asignarEnvio/asignarPedidoTransportista.go:12.132,17.16 2 1
main.go/internal/core/service/asignarEnvio/asignarPedidoTransportista.go:17.16,19.3 1 1
main.go/internal/core/service/asignarEnvio/asignarPedidoTransportista.go:22.2,23.16 2 1
main.go/internal/core/service/asignarEnvio/asignarPedidoTransportista.go:23.16,25.3 1 1
main.go/internal/core/service/asignarEnvio/asignarPedidoTransportista.go:26.2,28.16 2 1
main.go/internal/core/service/asignarEnvio/asignarPedidoTransportista.go:28.16,30.3 1 1
main.go/internal/core/service/asignarEnvio/asignarPedidoTransportista.go:33.2,37.16 2 0
main.go/internal/core/service/asignarEnvio/asignarPedidoTransportista.go:37.16,39.3 1 0
main.go/internal/core/service/asignarEnvio/asignarPedidoTransportista.go:41.2,43.16 2 0
main.go/internal/core/service/asignarEnvio/asignarPedidoTransportista.go:43.16,45.3 1 0
main.go/internal/core/service/asignarEnvio/asignarPedidoTransportista.go:49.2,62.16 5 0
main.go/internal/core/service/asignarEnvio/asignarPedidoTransportista.go:62.16,64.3 1 0
main.go/internal/core/service/asignarEnvio/asignarPedidoTransportista.go:65.2,68.19 2 0
main.go/internal/core/service/asignarEnvio/asignarPedidoTransportista.go:72.75,79.2 4 0
